# JRE version: OpenJDK Runtime Environment (11.0.15) (build 11.0.15+0-b2043.56-9505619)
# Java VM: OpenJDK 64-Bit Server VM (11.0.15+0-b2043.56-9505619, mixed mode, tiered, compressed oops, g1 gc, windows-amd64)
Heap:
 garbage-first heap   total 260096K, used 197146K [0x0000000080000000, 0x0000000100000000)
  region size 1024K, 116 young (118784K), 18 survivors (18432K)
 Metaspace       used 91254K, capacity 93758K, committed 93904K, reserved 1130496K
  class space    used 11680K, capacity 12587K, committed 12620K, reserved 1048576K
GC Heap History (20 events):
Event: 0.749 GC heap before
{Heap before GC invocations=0 (full 0):
 garbage-first heap   total 260096K, used 30720K [0x0000000080000000, 0x0000000100000000)
  region size 1024K, 24 young (24576K), 0 survivors (0K)
 Metaspace       used 10212K, capacity 10501K, committed 10624K, reserved 1058816K
  class space    used 1051K, capacity 1139K, committed 1152K, reserved 1048576K
}
Event: 0.753 GC heap after
{Heap after GC invocations=1 (full 0):
 garbage-first heap   total 260096K, used 9318K [0x0000000080000000, 0x0000000100000000)
  region size 1024K, 3 young (3072K), 3 survivors (3072K)
 Metaspace       used 10212K, capacity 10501K, committed 10624K, reserved 1058816K
  class space    used 1051K, capacity 1139K, committed 1152K, reserved 1048576K
}
Event: 2.981 GC heap before
{Heap before GC invocations=1 (full 0):
 garbage-first heap   total 260096K, used 106598K [0x0000000080000000, 0x0000000100000000)
  region size 1024K, 98 young (100352K), 3 survivors (3072K)
 Metaspace       used 20754K, capacity 21199K, committed 21296K, reserved 1069056K
  class space    used 2530K, capacity 2686K, committed 2688K, reserved 1048576K
}
Event: 2.990 GC heap after
{Heap after GC invocations=2 (full 0):
 garbage-first heap   total 260096K, used 16783K [0x0000000080000000, 0x0000000100000000)
  region size 1024K, 11 young (11264K), 11 survivors (11264K)
 Metaspace       used 20754K, capacity 21199K, committed 21296K, reserved 1069056K
  class space    used 2530K, capacity 2686K, committed 2688K, reserved 1048576K
}
Event: 3.201 GC heap before
{Heap before GC invocations=3 (full 0):
 garbage-first heap   total 260096K, used 43407K [0x0000000080000000, 0x0000000100000000)
  region size 1024K, 37 young (37888K), 11 survivors (11264K)
 Metaspace       used 23262K, capacity 23866K, committed 24060K, reserved 1071104K
  class space    used 2923K, capacity 3133K, committed 3148K, reserved 1048576K
}
Event: 3.206 GC heap after
{Heap after GC invocations=4 (full 0):
 garbage-first heap   total 260096K, used 18314K [0x0000000080000000, 0x0000000100000000)
  region size 1024K, 2 young (2048K), 2 survivors (2048K)
 Metaspace       used 23262K, capacity 23866K, committed 24060K, reserved 1071104K
  class space    used 2923K, capacity 3133K, committed 3148K, reserved 1048576K
}
Event: 4.481 GC heap before
{Heap before GC invocations=4 (full 0):
 garbage-first heap   total 260096K, used 107402K [0x0000000080000000, 0x0000000100000000)
  region size 1024K, 90 young (92160K), 2 survivors (2048K)
 Metaspace       used 35129K, capacity 35903K, committed 36048K, reserved 1081344K
  class space    used 4526K, capacity 4834K, committed 4940K, reserved 1048576K
}
Event: 4.490 GC heap after
{Heap after GC invocations=5 (full 0):
 garbage-first heap   total 260096K, used 22398K [0x0000000080000000, 0x0000000100000000)
  region size 1024K, 6 young (6144K), 6 survivors (6144K)
 Metaspace       used 35129K, capacity 35903K, committed 36048K, reserved 1081344K
  class space    used 4526K, capacity 4834K, committed 4940K, reserved 1048576K
}
Event: 5.798 GC heap before
{Heap before GC invocations=6 (full 0):
 garbage-first heap   total 260096K, used 148350K [0x0000000080000000, 0x0000000100000000)
  region size 1024K, 126 young (129024K), 6 survivors (6144K)
 Metaspace       used 45273K, capacity 46263K, committed 46544K, reserved 1089536K
  class space    used 5750K, capacity 6140K, committed 6220K, reserved 1048576K
}
Event: 5.814 GC heap after
{Heap after GC invocations=7 (full 0):
 garbage-first heap   total 260096K, used 30677K [0x0000000080000000, 0x0000000100000000)
  region size 1024K, 14 young (14336K), 14 survivors (14336K)
 Metaspace       used 45273K, capacity 46263K, committed 46544K, reserved 1089536K
  class space    used 5750K, capacity 6140K, committed 6220K, reserved 1048576K
}
Event: 7.293 GC heap before
{Heap before GC invocations=8 (full 0):
 garbage-first heap   total 260096K, used 179157K [0x0000000080000000, 0x0000000100000000)
  region size 1024K, 152 young (155648K), 14 survivors (14336K)
 Metaspace       used 54769K, capacity 56092K, committed 56272K, reserved 1097728K
  class space    used 6956K, capacity 7479K, committed 7500K, reserved 1048576K
}
Event: 7.307 GC heap after
{Heap after GC invocations=9 (full 0):
 garbage-first heap   total 260096K, used 51736K [0x0000000080000000, 0x0000000100000000)
  region size 1024K, 19 young (19456K), 19 survivors (19456K)
 Metaspace       used 54769K, capacity 56092K, committed 56272K, reserved 1097728K
  class space    used 6956K, capacity 7479K, committed 7500K, reserved 1048576K
}
Event: 9.120 GC heap before
{Heap before GC invocations=9 (full 0):
 garbage-first heap   total 260096K, used 187928K [0x0000000080000000, 0x0000000100000000)
  region size 1024K, 152 young (155648K), 19 survivors (19456K)
 Metaspace       used 68907K, capacity 70433K, committed 70608K, reserved 1110016K
  class space    used 8629K, capacity 9231K, committed 9292K, reserved 1048576K
}
Event: 9.147 GC heap after
{Heap after GC invocations=10 (full 0):
 garbage-first heap   total 260096K, used 62206K [0x0000000080000000, 0x0000000100000000)
  region size 1024K, 11 young (11264K), 11 survivors (11264K)
 Metaspace       used 68907K, capacity 70433K, committed 70608K, reserved 1110016K
  class space    used 8629K, capacity 9231K, committed 9292K, reserved 1048576K
}
Event: 10.265 GC heap before
{Heap before GC invocations=10 (full 0):
 garbage-first heap   total 260096K, used 156414K [0x0000000080000000, 0x0000000100000000)
  region size 1024K, 104 young (106496K), 11 survivors (11264K)
 Metaspace       used 76214K, capacity 77806K, committed 77904K, reserved 1116160K
  class space    used 9725K, capacity 10357K, committed 10444K, reserved 1048576K
}
Event: 10.281 GC heap after
{Heap after GC invocations=11 (full 0):
 garbage-first heap   total 260096K, used 66952K [0x0000000080000000, 0x0000000100000000)
  region size 1024K, 15 young (15360K), 15 survivors (15360K)
 Metaspace       used 76214K, capacity 77806K, committed 77904K, reserved 1116160K
  class space    used 9725K, capacity 10357K, committed 10444K, reserved 1048576K
}
Event: 15.425 GC heap before
{Heap before GC invocations=12 (full 0):
 garbage-first heap   total 260096K, used 201096K [0x0000000080000000, 0x0000000100000000)
  region size 1024K, 146 young (149504K), 15 survivors (15360K)
 Metaspace       used 84109K, capacity 85994K, committed 86224K, reserved 1124352K
  class space    used 10771K, capacity 11489K, committed 11596K, reserved 1048576K
}
Event: 15.440 GC heap after
{Heap after GC invocations=13 (full 0):
 garbage-first heap   total 260096K, used 77135K [0x0000000080000000, 0x0000000100000000)
  region size 1024K, 17 young (17408K), 17 survivors (17408K)
 Metaspace       used 84109K, capacity 85994K, committed 86224K, reserved 1124352K
  class space    used 10771K, capacity 11489K, committed 11596K, reserved 1048576K
}
Event: 16.495 GC heap before
{Heap before GC invocations=13 (full 0):
 garbage-first heap   total 260096K, used 202063K [0x0000000080000000, 0x0000000100000000)
  region size 1024K, 140 young (143360K), 17 survivors (17408K)
 Metaspace       used 89471K, capacity 91576K, committed 91728K, reserved 1128448K
  class space    used 11370K, capacity 12148K, committed 12236K, reserved 1048576K
}
Event: 16.516 GC heap after
{Heap after GC invocations=14 (full 0):
 garbage-first heap   total 260096K, used 91674K [0x0000000080000000, 0x0000000100000000)
  region size 1024K, 18 young (18432K), 18 survivors (18432K)
 Metaspace       used 89471K, capacity 91576K, committed 91728K, reserved 1128448K
  class space    used 11370K, capacity 12148K, committed 12236K, reserved 1048576K
}

