# JRE version: OpenJDK Runtime Environment (11.0.15) (build 11.0.15+0-b2043.56-9505619)
# Java VM: OpenJDK 64-Bit Server VM (11.0.15+0-b2043.56-9505619, mixed mode, tiered, compressed oops, g1 gc, windows-amd64)
Heap:
 garbage-first heap   total 260096K, used 185991K [0x0000000080000000, 0x0000000100000000)
  region size 1024K, 108 young (110592K), 17 survivors (17408K)
 Metaspace       used 90300K, capacity 92760K, committed 92976K, reserved 1130496K
  class space    used 11578K, capacity 12481K, committed 12492K, reserved 1048576K
GC Heap History (20 events):
Event: 2.847 GC heap before
{Heap before GC invocations=2 (full 0):
 garbage-first heap   total 260096K, used 60103K [0x0000000080000000, 0x0000000100000000)
  region size 1024K, 51 young (52224K), 6 survivors (6144K)
 Metaspace       used 19540K, capacity 19957K, committed 20224K, reserved 1067008K
  class space    used 2371K, capacity 2506K, committed 2560K, reserved 1048576K
}
Event: 2.853 GC heap after
{Heap after GC invocations=3 (full 0):
 garbage-first heap   total 260096K, used 16595K [0x0000000080000000, 0x0000000100000000)
  region size 1024K, 6 young (6144K), 6 survivors (6144K)
 Metaspace       used 19540K, capacity 19957K, committed 20224K, reserved 1067008K
  class space    used 2371K, capacity 2506K, committed 2560K, reserved 1048576K
}
Event: 2.995 GC heap before
{Heap before GC invocations=3 (full 0):
 garbage-first heap   total 260096K, used 25811K [0x0000000080000000, 0x0000000100000000)
  region size 1024K, 16 young (16384K), 6 survivors (6144K)
 Metaspace       used 20771K, capacity 21199K, committed 21296K, reserved 1069056K
  class space    used 2530K, capacity 2686K, committed 2688K, reserved 1048576K
}
Event: 3.000 GC heap after
{Heap after GC invocations=4 (full 0):
 garbage-first heap   total 260096K, used 17238K [0x0000000080000000, 0x0000000100000000)
  region size 1024K, 3 young (3072K), 3 survivors (3072K)
 Metaspace       used 20771K, capacity 21199K, committed 21296K, reserved 1069056K
  class space    used 2530K, capacity 2686K, committed 2688K, reserved 1048576K
}
Event: 3.830 GC heap before
{Heap before GC invocations=5 (full 0):
 garbage-first heap   total 260096K, used 89942K [0x0000000080000000, 0x0000000100000000)
  region size 1024K, 74 young (75776K), 3 survivors (3072K)
 Metaspace       used 27829K, capacity 28523K, committed 28668K, reserved 1075200K
  class space    used 3620K, capacity 3863K, committed 3916K, reserved 1048576K
}
Event: 3.834 GC heap after
{Heap after GC invocations=6 (full 0):
 garbage-first heap   total 260096K, used 19744K [0x0000000080000000, 0x0000000100000000)
  region size 1024K, 6 young (6144K), 6 survivors (6144K)
 Metaspace       used 27829K, capacity 28523K, committed 28668K, reserved 1075200K
  class space    used 3620K, capacity 3863K, committed 3916K, reserved 1048576K
}
Event: 4.533 GC heap before
{Heap before GC invocations=6 (full 0):
 garbage-first heap   total 260096K, used 62752K [0x0000000080000000, 0x0000000100000000)
  region size 1024K, 49 young (50176K), 6 survivors (6144K)
 Metaspace       used 35072K, capacity 35903K, committed 36048K, reserved 1081344K
  class space    used 4520K, capacity 4834K, committed 4940K, reserved 1048576K
}
Event: 4.540 GC heap after
{Heap after GC invocations=7 (full 0):
 garbage-first heap   total 260096K, used 22591K [0x0000000080000000, 0x0000000100000000)
  region size 1024K, 9 young (9216K), 9 survivors (9216K)
 Metaspace       used 35072K, capacity 35903K, committed 36048K, reserved 1081344K
  class space    used 4520K, capacity 4834K, committed 4940K, reserved 1048576K
}
Event: 5.770 GC heap before
{Heap before GC invocations=8 (full 0):
 garbage-first heap   total 260096K, used 130111K [0x0000000080000000, 0x0000000100000000)
  region size 1024K, 111 young (113664K), 9 survivors (9216K)
 Metaspace       used 43977K, capacity 45018K, committed 45264K, reserved 1089536K
  class space    used 5529K, capacity 5894K, committed 5964K, reserved 1048576K
}
Event: 5.785 GC heap after
{Heap after GC invocations=9 (full 0):
 garbage-first heap   total 260096K, used 30350K [0x0000000080000000, 0x0000000100000000)
  region size 1024K, 14 young (14336K), 14 survivors (14336K)
 Metaspace       used 43977K, capacity 45018K, committed 45264K, reserved 1089536K
  class space    used 5529K, capacity 5894K, committed 5964K, reserved 1048576K
}
Event: 7.539 GC heap before
{Heap before GC invocations=10 (full 0):
 garbage-first heap   total 260096K, used 179854K [0x0000000080000000, 0x0000000100000000)
  region size 1024K, 152 young (155648K), 14 survivors (14336K)
 Metaspace       used 52042K, capacity 53304K, committed 53584K, reserved 1095680K
  class space    used 6569K, capacity 7061K, committed 7116K, reserved 1048576K
}
Event: 7.553 GC heap after
{Heap after GC invocations=11 (full 0):
 garbage-first heap   total 260096K, used 50921K [0x0000000080000000, 0x0000000100000000)
  region size 1024K, 19 young (19456K), 19 survivors (19456K)
 Metaspace       used 52042K, capacity 53304K, committed 53584K, reserved 1095680K
  class space    used 6569K, capacity 7061K, committed 7116K, reserved 1048576K
}
Event: 9.453 GC heap before
{Heap before GC invocations=11 (full 0):
 garbage-first heap   total 260096K, used 187113K [0x0000000080000000, 0x0000000100000000)
  region size 1024K, 152 young (155648K), 19 survivors (19456K)
 Metaspace       used 68342K, capacity 69775K, committed 69968K, reserved 1110016K
  class space    used 8538K, capacity 9122K, committed 9164K, reserved 1048576K
}
Event: 9.468 GC heap after
{Heap after GC invocations=12 (full 0):
 garbage-first heap   total 260096K, used 60331K [0x0000000080000000, 0x0000000100000000)
  region size 1024K, 9 young (9216K), 9 survivors (9216K)
 Metaspace       used 68342K, capacity 69775K, committed 69968K, reserved 1110016K
  class space    used 8538K, capacity 9122K, committed 9164K, reserved 1048576K
}
Event: 10.323 GC heap before
{Heap before GC invocations=12 (full 0):
 garbage-first heap   total 260096K, used 149419K [0x0000000080000000, 0x0000000100000000)
  region size 1024K, 97 young (99328K), 9 survivors (9216K)
 Metaspace       used 73816K, capacity 75335K, committed 75440K, reserved 1114112K
  class space    used 9396K, capacity 10013K, committed 10060K, reserved 1048576K
}
Event: 10.338 GC heap after
{Heap after GC invocations=13 (full 0):
 garbage-first heap   total 260096K, used 65931K [0x0000000080000000, 0x0000000100000000)
  region size 1024K, 15 young (15360K), 15 survivors (15360K)
 Metaspace       used 73816K, capacity 75335K, committed 75440K, reserved 1114112K
  class space    used 9396K, capacity 10013K, committed 10060K, reserved 1048576K
}
Event: 12.016 GC heap before
{Heap before GC invocations=14 (full 0):
 garbage-first heap   total 260096K, used 190859K [0x0000000080000000, 0x0000000100000000)
  region size 1024K, 137 young (140288K), 15 survivors (15360K)
 Metaspace       used 85184K, capacity 87046K, committed 87216K, reserved 1124352K
  class space    used 10925K, capacity 11564K, committed 11596K, reserved 1048576K
}
Event: 12.030 GC heap after
{Heap after GC invocations=15 (full 0):
 garbage-first heap   total 260096K, used 74461K [0x0000000080000000, 0x0000000100000000)
  region size 1024K, 15 young (15360K), 15 survivors (15360K)
 Metaspace       used 85184K, capacity 87046K, committed 87216K, reserved 1124352K
  class space    used 10925K, capacity 11564K, committed 11596K, reserved 1048576K
}
Event: 13.084 GC heap before
{Heap before GC invocations=15 (full 0):
 garbage-first heap   total 260096K, used 196317K [0x0000000080000000, 0x0000000100000000)
  region size 1024K, 135 young (138240K), 15 survivors (15360K)
 Metaspace       used 88989K, capacity 91220K, committed 91440K, reserved 1128448K
  class space    used 11396K, capacity 12216K, committed 12236K, reserved 1048576K
}
Event: 13.102 GC heap after
{Heap after GC invocations=16 (full 0):
 garbage-first heap   total 260096K, used 87687K [0x0000000080000000, 0x0000000100000000)
  region size 1024K, 17 young (17408K), 17 survivors (17408K)
 Metaspace       used 88989K, capacity 91220K, committed 91440K, reserved 1128448K
  class space    used 11396K, capacity 12216K, committed 12236K, reserved 1048576K
}

