# JRE version: OpenJDK Runtime Environment (11.0.15) (build 11.0.15+0-b2043.56-9505619)
# Java VM: OpenJDK 64-Bit Server VM (11.0.15+0-b2043.56-9505619, mixed mode, tiered, compressed oops, g1 gc, windows-amd64)
Heap:
 garbage-first heap   total 260096K, used 187008K [0x0000000080000000, 0x0000000100000000)
  region size 1024K, 109 young (111616K), 17 survivors (17408K)
 Metaspace       used 90122K, capacity 92534K, committed 92752K, reserved 1130496K
  class space    used 11566K, capacity 12472K, committed 12492K, reserved 1048576K
GC Heap History (20 events):
Event: 0.931 GC heap before
{Heap before GC invocations=0 (full 0):
 garbage-first heap   total 260096K, used 30720K [0x0000000080000000, 0x0000000100000000)
  region size 1024K, 24 young (24576K), 0 survivors (0K)
 Metaspace       used 10214K, capacity 10501K, committed 10624K, reserved 1058816K
  class space    used 1051K, capacity 1139K, committed 1152K, reserved 1048576K
}
Event: 0.936 GC heap after
{Heap after GC invocations=1 (full 0):
 garbage-first heap   total 260096K, used 9561K [0x0000000080000000, 0x0000000100000000)
  region size 1024K, 3 young (3072K), 3 survivors (3072K)
 Metaspace       used 10214K, capacity 10501K, committed 10624K, reserved 1058816K
  class space    used 1051K, capacity 1139K, committed 1152K, reserved 1048576K
}
Event: 3.108 GC heap before
{Heap before GC invocations=1 (full 0):
 garbage-first heap   total 260096K, used 106841K [0x0000000080000000, 0x0000000100000000)
  region size 1024K, 98 young (100352K), 3 survivors (3072K)
 Metaspace       used 20748K, capacity 21199K, committed 21296K, reserved 1069056K
  class space    used 2529K, capacity 2686K, committed 2688K, reserved 1048576K
}
Event: 3.115 GC heap after
{Heap after GC invocations=2 (full 0):
 garbage-first heap   total 260096K, used 16801K [0x0000000080000000, 0x0000000100000000)
  region size 1024K, 11 young (11264K), 11 survivors (11264K)
 Metaspace       used 20748K, capacity 21199K, committed 21296K, reserved 1069056K
  class space    used 2529K, capacity 2686K, committed 2688K, reserved 1048576K
}
Event: 3.810 GC heap before
{Heap before GC invocations=3 (full 0):
 garbage-first heap   total 260096K, used 85409K [0x0000000080000000, 0x0000000100000000)
  region size 1024K, 78 young (79872K), 11 survivors (11264K)
 Metaspace       used 27530K, capacity 28221K, committed 28412K, reserved 1073152K
  class space    used 3578K, capacity 3826K, committed 3916K, reserved 1048576K
}
Event: 3.819 GC heap after
{Heap after GC invocations=4 (full 0):
 garbage-first heap   total 260096K, used 19430K [0x0000000080000000, 0x0000000100000000)
  region size 1024K, 3 young (3072K), 3 survivors (3072K)
 Metaspace       used 27530K, capacity 28221K, committed 28412K, reserved 1073152K
  class space    used 3578K, capacity 3826K, committed 3916K, reserved 1048576K
}
Event: 4.531 GC heap before
{Heap before GC invocations=4 (full 0):
 garbage-first heap   total 260096K, used 68582K [0x0000000080000000, 0x0000000100000000)
  region size 1024K, 52 young (53248K), 3 survivors (3072K)
 Metaspace       used 35128K, capacity 35903K, committed 36048K, reserved 1081344K
  class space    used 4527K, capacity 4834K, committed 4940K, reserved 1048576K
}
Event: 4.541 GC heap after
{Heap after GC invocations=5 (full 0):
 garbage-first heap   total 260096K, used 22243K [0x0000000080000000, 0x0000000100000000)
  region size 1024K, 6 young (6144K), 6 survivors (6144K)
 Metaspace       used 35128K, capacity 35903K, committed 36048K, reserved 1081344K
  class space    used 4527K, capacity 4834K, committed 4940K, reserved 1048576K
}
Event: 5.924 GC heap before
{Heap before GC invocations=6 (full 0):
 garbage-first heap   total 260096K, used 140003K [0x0000000080000000, 0x0000000100000000)
  region size 1024K, 117 young (119808K), 6 survivors (6144K)
 Metaspace       used 44689K, capacity 45768K, committed 45904K, reserved 1089536K
  class space    used 5650K, capacity 6039K, committed 6092K, reserved 1048576K
}
Event: 5.944 GC heap after
{Heap after GC invocations=7 (full 0):
 garbage-first heap   total 260096K, used 29917K [0x0000000080000000, 0x0000000100000000)
  region size 1024K, 13 young (13312K), 13 survivors (13312K)
 Metaspace       used 44689K, capacity 45768K, committed 45904K, reserved 1089536K
  class space    used 5650K, capacity 6039K, committed 6092K, reserved 1048576K
}
Event: 7.272 GC heap before
{Heap before GC invocations=8 (full 0):
 garbage-first heap   total 260096K, used 171229K [0x0000000080000000, 0x0000000100000000)
  region size 1024K, 144 young (147456K), 13 survivors (13312K)
 Metaspace       used 52606K, capacity 53906K, committed 54224K, reserved 1095680K
  class space    used 6653K, capacity 7132K, committed 7244K, reserved 1048576K
}
Event: 7.287 GC heap after
{Heap after GC invocations=9 (full 0):
 garbage-first heap   total 260096K, used 51246K [0x0000000080000000, 0x0000000100000000)
  region size 1024K, 18 young (18432K), 18 survivors (18432K)
 Metaspace       used 52606K, capacity 53906K, committed 54224K, reserved 1095680K
  class space    used 6653K, capacity 7132K, committed 7244K, reserved 1048576K
}
Event: 9.005 GC heap before
{Heap before GC invocations=9 (full 0):
 garbage-first heap   total 260096K, used 184366K [0x0000000080000000, 0x0000000100000000)
  region size 1024K, 148 young (151552K), 18 survivors (18432K)
 Metaspace       used 68476K, capacity 69999K, committed 70352K, reserved 1110016K
  class space    used 8561K, capacity 9154K, committed 9292K, reserved 1048576K
}
Event: 9.021 GC heap after
{Heap after GC invocations=10 (full 0):
 garbage-first heap   total 260096K, used 60416K [0x0000000080000000, 0x0000000100000000)
  region size 1024K, 9 young (9216K), 9 survivors (9216K)
 Metaspace       used 68476K, capacity 69999K, committed 70352K, reserved 1110016K
  class space    used 8561K, capacity 9154K, committed 9292K, reserved 1048576K
}
Event: 9.959 GC heap before
{Heap before GC invocations=10 (full 0):
 garbage-first heap   total 260096K, used 156672K [0x0000000080000000, 0x0000000100000000)
  region size 1024K, 104 young (106496K), 9 survivors (9216K)
 Metaspace       used 74758K, capacity 76333K, committed 76508K, reserved 1116160K
  class space    used 9528K, capacity 10149K, committed 10188K, reserved 1048576K
}
Event: 9.977 GC heap after
{Heap after GC invocations=11 (full 0):
 garbage-first heap   total 260096K, used 66236K [0x0000000080000000, 0x0000000100000000)
  region size 1024K, 15 young (15360K), 15 survivors (15360K)
 Metaspace       used 74758K, capacity 76333K, committed 76508K, reserved 1116160K
  class space    used 9528K, capacity 10149K, committed 10188K, reserved 1048576K
}
Event: 11.449 GC heap before
{Heap before GC invocations=12 (full 0):
 garbage-first heap   total 260096K, used 183996K [0x0000000080000000, 0x0000000100000000)
  region size 1024K, 130 young (133120K), 15 survivors (15360K)
 Metaspace       used 85053K, capacity 86851K, committed 86992K, reserved 1124352K
  class space    used 10923K, capacity 11565K, committed 11596K, reserved 1048576K
}
Event: 11.465 GC heap after
{Heap after GC invocations=13 (full 0):
 garbage-first heap   total 260096K, used 74480K [0x0000000080000000, 0x0000000100000000)
  region size 1024K, 15 young (15360K), 15 survivors (15360K)
 Metaspace       used 85053K, capacity 86851K, committed 86992K, reserved 1124352K
  class space    used 10923K, capacity 11565K, committed 11596K, reserved 1048576K
}
Event: 12.380 GC heap before
{Heap before GC invocations=13 (full 0):
 garbage-first heap   total 260096K, used 190192K [0x0000000080000000, 0x0000000100000000)
  region size 1024K, 129 young (132096K), 15 survivors (15360K)
 Metaspace       used 88686K, capacity 90904K, committed 91216K, reserved 1128448K
  class space    used 11359K, capacity 12157K, committed 12236K, reserved 1048576K
}
Event: 12.400 GC heap after
{Heap after GC invocations=14 (full 0):
 garbage-first heap   total 260096K, used 87680K [0x0000000080000000, 0x0000000100000000)
  region size 1024K, 17 young (17408K), 17 survivors (17408K)
 Metaspace       used 88686K, capacity 90904K, committed 91216K, reserved 1128448K
  class space    used 11359K, capacity 12157K, committed 12236K, reserved 1048576K
}

